Base path: /Applications/Unity/Unity.app/Contents
Pipe name: \\.\pipe\UnityShaderCompiler-2--1333547008
Cmd: getPlatforms
Cmd: compileSnippet
  api=1 type=0 insize=1770 outsize=308 kw= ok=1
Cmd: compileSnippet
  api=1 type=1 insize=1770 outsize=351 kw= ok=1
Cmd: compileSnippet
  api=8 type=1 insize=1770 outsize=2040 kw= ok=1
Cmd: compileSnippet
  api=1 type=0 insize=1381 outsize=186 kw= ok=1
Cmd: compileSnippet
  api=1 type=1 insize=1381 outsize=462 kw= ok=1
Cmd: compileSnippet
  api=8 type=1 insize=1381 outsize=2600 kw= ok=1
Cmd: compileSnippet
  api=1 type=0 insize=2154 outsize=425 kw= ok=1
Cmd: compileSnippet
  api=8 type=0 insize=2154 outsize=2958 kw= ok=1
Cmd: compileSnippet
  api=1 type=1 insize=2154 outsize=461 kw= ok=1
Cmd: compileSnippet
  api=8 type=1 insize=2154 outsize=2584 kw= ok=1
Cmd: compileSnippet
  api=1 type=0 insize=1788 outsize=308 kw= ok=1
Cmd: compileSnippet
  api=1 type=1 insize=1788 outsize=362 kw= ok=1
Cmd: compileSnippet
  api=8 type=1 insize=1788 outsize=2064 kw= ok=1
Cmd: compileSnippet
  api=1 type=0 insize=2219 outsize=425 kw= ok=1
Cmd: compileSnippet
  api=1 type=1 insize=2219 outsize=430 kw= ok=1
Cmd: compileSnippet
  api=8 type=1 insize=2219 outsize=2584 kw= ok=1
Cmd: compileSnippet
  api=1 type=0 insize=1852 outsize=308 kw= ok=1
Cmd: compileSnippet
  api=1 type=1 insize=1852 outsize=331 kw= ok=1
Cmd: compileSnippet
  api=8 type=1 insize=1852 outsize=2032 kw= ok=1
Cmd: compileSnippet
  api=1 type=0 insize=1097 outsize=240 kw= ok=1
Cmd: compileSnippet
  api=1 type=1 insize=1097 outsize=156 kw= ok=1
Cmd: compileSnippet
  api=8 type=1 insize=1097 outsize=1471 kw= ok=1
Cmd: compileSnippet
  api=1 type=0 insize=924 outsize=158 kw= ok=1
Cmd: compileSnippet
  api=1 type=1 insize=924 outsize=104 kw= ok=1
Cmd: compileSnippet
  api=1 type=0 insize=1179 outsize=240 kw= ok=1
Cmd: compileSnippet
  api=1 type=1 insize=1179 outsize=138 kw= ok=1
Cmd: compileSnippet
  api=8 type=1 insize=1179 outsize=1463 kw= ok=1
Cmd: compileSnippet
  api=1 type=0 insize=2137 outsize=425 kw= ok=1
Cmd: compileSnippet
  api=1 type=1 insize=2137 outsize=450 kw= ok=1
Cmd: compileSnippet
  api=8 type=1 insize=2137 outsize=2592 kw= ok=1
Cmd: compileSnippet
  api=1 type=0 insize=1329 outsize=186 kw= ok=1
Cmd: compileSnippet
  api=1 type=1 insize=1329 outsize=215 kw= ok=1
Cmd: compileSnippet
  api=8 type=1 insize=1329 outsize=1682 kw= ok=1
Cmd: compileSnippet
  api=1 type=0 insize=1252 outsize=186 kw= ok=1
Cmd: compileSnippet
  api=1 type=1 insize=1252 outsize=246 kw= ok=1
Cmd: compileSnippet
  api=8 type=1 insize=1252 outsize=1715 kw= ok=1
Cmd: compileSnippet
  api=1 type=0 insize=1237 outsize=186 kw= ok=1
Cmd: compileSnippet
  api=1 type=1 insize=1237 outsize=217 kw= ok=1
Cmd: compileSnippet
  api=8 type=1 insize=1237 outsize=1690 kw= ok=1
Cmd: compileSnippet
  api=1 type=0 insize=2284 outsize=425 kw= ok=1
Cmd: compileSnippet
  api=1 type=1 insize=2284 outsize=695 kw= ok=1
Cmd: compileSnippet
  api=8 type=1 insize=2284 outsize=3494 kw= ok=1
Cmd: compileSnippet
  api=1 type=0 insize=1260 outsize=186 kw= ok=1
Cmd: compileSnippet
  api=1 type=1 insize=1260 outsize=459 kw= ok=1
Cmd: compileSnippet
  api=8 type=1 insize=1260 outsize=2535 kw= ok=1
Cmd: compileSnippet
  api=1 type=0 insize=876 outsize=158 kw= ok=1
Cmd: compileSnippet
  api=1 type=1 insize=876 outsize=81 kw= ok=1
Cmd: compileSnippet
  api=1 type=0 insize=882 outsize=158 kw= ok=1
Cmd: compileSnippet
  api=1 type=1 insize=882 outsize=81 kw= ok=1
Cmd: compileSnippet
  api=1 type=0 insize=1099 outsize=240 kw= ok=1
Cmd: compileSnippet
  api=1 type=1 insize=1099 outsize=164 kw= ok=1
Cmd: compileSnippet
  api=1 type=0 insize=1051 outsize=158 kw= ok=1
Cmd: compileSnippet
  api=1 type=1 insize=1051 outsize=343 kw= ok=1
Cmd: compileSnippet
  api=8 type=1 insize=1051 outsize=2015 kw= ok=1
Cmd: compileSnippet
  api=1 type=0 insize=1917 outsize=308 kw= ok=1
Cmd: compileSnippet
  api=1 type=1 insize=1917 outsize=596 kw= ok=1
Cmd: compileSnippet
  api=8 type=1 insize=1917 outsize=2974 kw= ok=1
End of pipe

Quitting shader compiler process
